#! /usr/bin/vvp
:ivl_version "10.2 (stable)";
:ivl_delay_selection "TYPICAL";
:vpi_time_precision - 12;
:vpi_module "system";
:vpi_module "vhdl_sys";
:vpi_module "v2005_math";
:vpi_module "va_math";
S_0x559b8b24c680 .scope module, "circuit_tb" "circuit_tb" 2 6;
 .timescale -9 -12;
v0x559b8b276910_0 .var "clk", 0 0;
v0x559b8b2769d0_0 .var "en", 0 0;
v0x559b8b276a70_0 .net "f", 127 0, L_0x559b8b276cd0;  1 drivers
v0x559b8b276b40_0 .var/i "i", 31 0;
v0x559b8b276be0_0 .var "rst", 0 0;
S_0x559b8b24c800 .scope module, "c0" "circuit" 2 32, 3 5 0, S_0x559b8b24c680;
 .timescale -9 -12;
    .port_info 0 /INPUT 1 "rst"
    .port_info 1 /INPUT 1 "clk"
    .port_info 2 /INPUT 1 "en"
    .port_info 3 /OUTPUT 128 "f"
P_0x559b8b213170 .param/l "W" 0 3 7, +C4<00000000000000000000000010000000>;
L_0x559b8b276cd0 .functor BUFZ 128, v0x559b8b2764c0_0, C4<00000000000000000000000000000000000000000000000000000000000000000000000000000000000000000000000000000000000000000000000000000000>, C4<00000000000000000000000000000000000000000000000000000000000000000000000000000000000000000000000000000000000000000000000000000000>, C4<00000000000000000000000000000000000000000000000000000000000000000000000000000000000000000000000000000000000000000000000000000000>;
v0x559b8b255800_0 .net "clk", 0 0, v0x559b8b276910_0;  1 drivers
v0x559b8b2561f0_0 .var "cnt", 6 0;
v0x559b8b2529b0_0 .net "en", 0 0, v0x559b8b2769d0_0;  1 drivers
v0x559b8b2532a0_0 .net "f", 127 0, L_0x559b8b276cd0;  alias, 1 drivers
v0x559b8b2764c0_0 .var "f_final", 127 0;
v0x559b8b2765f0_0 .var "f_final_1", 127 0;
v0x559b8b2766d0_0 .var "f_final_2", 127 0;
v0x559b8b2767b0_0 .net "rst", 0 0, v0x559b8b276be0_0;  1 drivers
E_0x559b8b2498b0 .event edge, v0x559b8b2765f0_0, v0x559b8b2766d0_0, v0x559b8b2561f0_0;
E_0x559b8b249c80 .event posedge, v0x559b8b255800_0;
    .scope S_0x559b8b24c800;
T_0 ;
    %wait E_0x559b8b249c80;
    %load/vec4 v0x559b8b2767b0_0;
    %flag_set/vec4 8;
    %jmp/0xz  T_0.0, 8;
    %pushi/vec4 0, 0, 128;
    %assign/vec4 v0x559b8b2765f0_0, 0;
    %jmp T_0.1;
T_0.0 ;
    %load/vec4 v0x559b8b2529b0_0;
    %load/vec4 v0x559b8b2561f0_0;
    %pad/u 32;
    %pushi/vec4 99, 0, 32;
    %cmp/e;
    %flag_get/vec4 4;
    %inv;
    %and;
    %flag_set/vec4 8;
    %jmp/0xz  T_0.2, 8;
    %load/vec4 v0x559b8b2764c0_0;
    %assign/vec4 v0x559b8b2765f0_0, 0;
T_0.2 ;
T_0.1 ;
    %jmp T_0;
    .thread T_0;
    .scope S_0x559b8b24c800;
T_1 ;
    %wait E_0x559b8b249c80;
    %load/vec4 v0x559b8b2767b0_0;
    %flag_set/vec4 8;
    %jmp/0xz  T_1.0, 8;
    %pushi/vec4 0, 0, 128;
    %assign/vec4 v0x559b8b2766d0_0, 0;
    %jmp T_1.1;
T_1.0 ;
    %load/vec4 v0x559b8b2529b0_0;
    %load/vec4 v0x559b8b2561f0_0;
    %pad/u 32;
    %pushi/vec4 99, 0, 32;
    %cmp/e;
    %flag_get/vec4 4;
    %inv;
    %and;
    %flag_set/vec4 8;
    %jmp/0xz  T_1.2, 8;
    %load/vec4 v0x559b8b2765f0_0;
    %assign/vec4 v0x559b8b2766d0_0, 0;
T_1.2 ;
T_1.1 ;
    %jmp T_1;
    .thread T_1;
    .scope S_0x559b8b24c800;
T_2 ;
    %wait E_0x559b8b249c80;
    %load/vec4 v0x559b8b2767b0_0;
    %flag_set/vec4 8;
    %jmp/0xz  T_2.0, 8;
    %pushi/vec4 0, 0, 7;
    %assign/vec4 v0x559b8b2561f0_0, 0;
    %jmp T_2.1;
T_2.0 ;
    %load/vec4 v0x559b8b2529b0_0;
    %load/vec4 v0x559b8b2561f0_0;
    %pad/u 32;
    %pushi/vec4 99, 0, 32;
    %cmp/e;
    %flag_get/vec4 4;
    %inv;
    %and;
    %flag_set/vec4 8;
    %jmp/0xz  T_2.2, 8;
    %load/vec4 v0x559b8b2561f0_0;
    %addi 1, 0, 7;
    %assign/vec4 v0x559b8b2561f0_0, 0;
T_2.2 ;
T_2.1 ;
    %jmp T_2;
    .thread T_2;
    .scope S_0x559b8b24c800;
T_3 ;
    %wait E_0x559b8b2498b0;
    %load/vec4 v0x559b8b2765f0_0;
    %load/vec4 v0x559b8b2766d0_0;
    %add;
    %load/vec4 v0x559b8b2561f0_0;
    %pushi/vec4 1, 0, 7;
    %cmp/e;
    %flag_get/vec4 4;
    %pad/u 128;
    %add;
    %store/vec4 v0x559b8b2764c0_0, 0, 128;
    %jmp T_3;
    .thread T_3, $push;
    .scope S_0x559b8b24c680;
T_4 ;
    %pushi/vec4 1, 0, 1;
    %store/vec4 v0x559b8b276910_0, 0, 1;
    %pushi/vec4 0, 0, 1;
    %store/vec4 v0x559b8b276be0_0, 0, 1;
    %end;
    .thread T_4;
    .scope S_0x559b8b24c680;
T_5 ;
    %delay 5000, 0;
    %load/vec4 v0x559b8b276910_0;
    %inv;
    %store/vec4 v0x559b8b276910_0, 0, 1;
    %jmp T_5;
    .thread T_5;
    .scope S_0x559b8b24c680;
T_6 ;
    %delay 1000, 0;
    %pushi/vec4 1, 0, 1;
    %store/vec4 v0x559b8b276be0_0, 0, 1;
    %delay 10000, 0;
    %pushi/vec4 0, 0, 1;
    %store/vec4 v0x559b8b276be0_0, 0, 1;
    %end;
    .thread T_6;
    .scope S_0x559b8b24c680;
T_7 ;
    %vpi_call 2 16 "$dumpfile", "circuit.vcd" {0 0 0};
    %vpi_call 2 17 "$dumpvars" {0 0 0};
    %pushi/vec4 0, 0, 1;
    %store/vec4 v0x559b8b2769d0_0, 0, 1;
    %pushi/vec4 0, 0, 32;
    %store/vec4 v0x559b8b276b40_0, 0, 32;
T_7.0 ;
    %load/vec4 v0x559b8b276b40_0;
    %cmpi/s 100, 0, 32;
    %jmp/0xz T_7.1, 5;
    %wait E_0x559b8b249c80;
    %delay 1000, 0;
    %pushi/vec4 1, 0, 1;
    %store/vec4 v0x559b8b2769d0_0, 0, 1;
    %load/vec4 v0x559b8b276b40_0;
    %addi 1, 0, 32;
    %vpi_call 2 21 "$display", "%d: %d", S<0,vec4,s32>, v0x559b8b276a70_0 {1 0 0};
    %load/vec4 v0x559b8b276b40_0;
    %addi 1, 0, 32;
    %store/vec4 v0x559b8b276b40_0, 0, 32;
    %jmp T_7.0;
T_7.1 ;
    %wait E_0x559b8b249c80;
    %delay 100000, 0;
    %vpi_call 2 24 "$finish" {0 0 0};
    %end;
    .thread T_7;
# The file index is used to find the file name in the following table.
:file_names 4;
    "N/A";
    "<interactive>";
    "circuit_tb.v";
    "circuit.v";
